 (2016/7/18-8:0:40) users/users::find {}...
 (2016/7/18-8:0:40) putaitu_com/live.content::findOne {"id":"6749cb5eb88b9a7fb30cee0fc4abe920e5506d77"}...
 (2016/7/18-8:0:40) putaitu_com/settings::findOne {"section":"environments"}...
 (2016/7/18-8:0:40) users/users::find {}...
 (2016/7/18-8:0:40) putaitu_com/settings::findOne {"section":"language"}...
 (2016/7/18-8:1:7) putaitu_com/settings::findOne {"section":"environments"}...
 (2016/7/18-8:1:7) users/users::find {}...
 (2016/7/18-8:1:7) putaitu_com/live.content::findOne {"id":"99c1ec9ed0af0ab7c4f2bfe2056c3203856f701c"}...
 (2016/7/18-8:1:7) putaitu_com/settings::findOne {"section":"environments"}...
 (2016/7/18-8:1:7) users/users::find {}...
 (2016/7/18-8:1:7) putaitu_com/settings::findOne {"section":"language"}...

ConnectionHelper
----------
 (2016/7/18-8:3:12) Unpublishing content "9dece999fce9e154590c61c9f53b9b289de23856"...
 (2016/7/18-8:3:12) Looping through 1 connections...
 (2016/7/18-8:3:12) Unpublishing through connection "17d3834c340c166b478526873d5d47b7bfb8ba15" of type "JSON Tree"...

JsonTreeConnection
----------
 (2016/7/18-8:3:12) Unpublishing all localised property sets...
 (2016/7/18-8:3:12) Processing "9dece999fce9e154590c61c9f53b9b289de23856"...
 (2016/7/18-8:3:12) Processing "9dece999fce9e154590c61c9f53b9b289de23856"...
 (2016/7/18-8:3:12) Unpublished all localised property sets successfully!

ConnectionHelper
----------
 (2016/7/18-8:3:12) Unpublished content "9dece999fce9e154590c61c9f53b9b289de23856" successfully!

ApiController
----------
 (2016/7/18-16:40:43) Found no user with token "dd962b76c6fe224f168da2378e570852d02b8e7c"
 (2016/7/18-16:40:43) Found no user with token "dd962b76c6fe224f168da2378e570852d02b8e7c"
 (2016/7/18-16:40:43) Found no user with token "dd962b76c6fe224f168da2378e570852d02b8e7c"
 (2016/7/18-16:40:43) Found no user with token "dd962b76c6fe224f168da2378e570852d02b8e7c"
 (2016/7/18-16:40:43) Found no user with token "dd962b76c6fe224f168da2378e570852d02b8e7c"
 (2016/7/18-16:40:43) Found no user with token "dd962b76c6fe224f168da2378e570852d02b8e7c"
 (2016/7/18-16:40:43) Found no user with token "dd962b76c6fe224f168da2378e570852d02b8e7c"

UserHelper
----------
 (2016/7/18-16:40:52) Attempting login for user "hest"...
 (2016/7/18-16:40:52) Updated "hest" successfully with properties: {"id":"9686f9f23e317b6925624dd319b1737a16d45fc0","username":"hest","password":{"hash":"bcb6e8a5a3ad07ad06123391fcfd664fc44dacbbdeac4ed29a4f8aad9a8e283334b97844f8f332b2a09fff3b18c37e8b44c187e49279885d49297fd5a71078f4","salt":"5dd437b6538e9e2c8069b21bf229b86aab18a7db325edaecc1ecd46d4b9cd42db6a5bc15ec543a12532bc7c445502af87113f1f3e7ec166cfa4f93b2d9017a6b5aa6a78ea70a9fb74ab76629c425135386cb42358c7f07897c37221e05dd380e9c0630ec20bc0aba9e4a6e0f60159bace230fa74afc65d17620a878c67cd1f7a"},"tokens":[{"key":"28b40d5e6b3175662e9adab53ed903733906448a","expires":1468879467168},{"key":"8b376f40221817e6da898827d412768102a31c5b","expires":1468881652217}],"scopes":{"putaitu_com":["connections","schemas","users","settings"]}}
