
ApiController
----------
 (2016/8/27-6:52:15) Found no user with token "e22b38782dd18eb7ff5004e133805df9ccc6c95a"
 (2016/8/27-6:52:15) Found no user with token "e22b38782dd18eb7ff5004e133805df9ccc6c95a"
 (2016/8/27-6:52:15) Found no user with token "e22b38782dd18eb7ff5004e133805df9ccc6c95a"
 (2016/8/27-6:52:15) Found no user with token "e22b38782dd18eb7ff5004e133805df9ccc6c95a"
 (2016/8/27-6:52:15) Found no user with token "e22b38782dd18eb7ff5004e133805df9ccc6c95a"
 (2016/8/27-6:52:15) Found no user with token "e22b38782dd18eb7ff5004e133805df9ccc6c95a"
 (2016/8/27-6:52:15) Found no user with token "e22b38782dd18eb7ff5004e133805df9ccc6c95a"

UserHelper
----------
 (2016/8/27-6:52:18) Attempting login for user "hest"...
 (2016/8/27-6:52:18) Updated "hest" successfully with properties: {"id":"9686f9f23e317b6925624dd319b1737a16d45fc0","username":"hest","password":{"hash":"bcb6e8a5a3ad07ad06123391fcfd664fc44dacbbdeac4ed29a4f8aad9a8e283334b97844f8f332b2a09fff3b18c37e8b44c187e49279885d49297fd5a71078f4","salt":"5dd437b6538e9e2c8069b21bf229b86aab18a7db325edaecc1ecd46d4b9cd42db6a5bc15ec543a12532bc7c445502af87113f1f3e7ec166cfa4f93b2d9017a6b5aa6a78ea70a9fb74ab76629c425135386cb42358c7f07897c37221e05dd380e9c0630ec20bc0aba9e4a6e0f60159bace230fa74afc65d17620a878c67cd1f7a"},"tokens":[{"key":"9bb839132b59a7058e91fe7b23329539fcc7a4b8","expires":1472299889265},{"key":"88d71bf22b4f3b10e139bebf3d9e55a60ab32b89","expires":1472302338408}],"scopes":{"putaitu_com":["connections","schemas","users","settings"]}}

ApiController
----------
 (2016/8/27-7:34:30) Found no user with token "8124a9253599f3d395ef0ecbdb2e4da8a291ab26"
 (2016/8/27-7:34:30) Found no user with token "8124a9253599f3d395ef0ecbdb2e4da8a291ab26"
 (2016/8/27-7:34:30) Found no user with token "8124a9253599f3d395ef0ecbdb2e4da8a291ab26"
 (2016/8/27-7:34:30) Found no user with token "8124a9253599f3d395ef0ecbdb2e4da8a291ab26"
 (2016/8/27-7:34:30) Found no user with token "8124a9253599f3d395ef0ecbdb2e4da8a291ab26"
 (2016/8/27-7:34:30) Found no user with token "8124a9253599f3d395ef0ecbdb2e4da8a291ab26"
 (2016/8/27-7:34:30) Found no user with token "8124a9253599f3d395ef0ecbdb2e4da8a291ab26"

UserHelper
----------
 (2016/8/27-7:34:35) Attempting login for user "hest"...
 (2016/8/27-7:34:35) Updated "hest" successfully with properties: {"id":"9686f9f23e317b6925624dd319b1737a16d45fc0","username":"hest","password":{"hash":"bcb6e8a5a3ad07ad06123391fcfd664fc44dacbbdeac4ed29a4f8aad9a8e283334b97844f8f332b2a09fff3b18c37e8b44c187e49279885d49297fd5a71078f4","salt":"5dd437b6538e9e2c8069b21bf229b86aab18a7db325edaecc1ecd46d4b9cd42db6a5bc15ec543a12532bc7c445502af87113f1f3e7ec166cfa4f93b2d9017a6b5aa6a78ea70a9fb74ab76629c425135386cb42358c7f07897c37221e05dd380e9c0630ec20bc0aba9e4a6e0f60159bace230fa74afc65d17620a878c67cd1f7a"},"tokens":[{"key":"9bb839132b59a7058e91fe7b23329539fcc7a4b8","expires":1472299889265},{"key":"88d71bf22b4f3b10e139bebf3d9e55a60ab32b89","expires":1472302338408},{"key":"7211f818797934ed11f6ab4d9177e5695989b66c","expires":1472304875274}],"scopes":{"putaitu_com":["connections","schemas","users","settings"]}}

ConnectionHelper
----------
 (2016/8/27-13:45:19) Publishing content "3248f4fdf34adb875ab92c0d9a36f5ffc4138fe5"...
 (2016/8/27-13:45:19) Looping through 1 connections...
 (2016/8/27-13:45:19) Publishing through connection "1f1dd07f88db19273f61e3730b37d058ee88c2d2" of type "JSON Tree"...

JsonTreeConnection
----------
 (2016/8/27-13:45:19) Publishing all localised property sets...
 (2016/8/27-13:45:19) Processing "sweet"...
 (2016/8/27-13:45:19) Writing remote content tree...
 (2016/8/27-13:45:19) Processing "sweet"...
 (2016/8/27-13:45:19) Writing remote content tree...
 (2016/8/27-13:45:19) Published all localised property sets successfully!

ConnectionHelper
----------
 (2016/8/27-13:45:19) Published content "3248f4fdf34adb875ab92c0d9a36f5ffc4138fe5" successfully!

ConnectionHelper
----------
 (2016/8/27-13:46:16) Publishing content "3248f4fdf34adb875ab92c0d9a36f5ffc4138fe5"...
 (2016/8/27-13:46:16) Looping through 1 connections...
 (2016/8/27-13:46:16) Publishing through connection "1f1dd07f88db19273f61e3730b37d058ee88c2d2" of type "JSON Tree"...

JsonTreeConnection
----------
 (2016/8/27-13:46:16) Publishing all localised property sets...
 (2016/8/27-13:46:16) Processing "sweet"...
 (2016/8/27-13:46:16) Writing remote content tree...
 (2016/8/27-13:46:16) Processing "sweet"...
 (2016/8/27-13:46:16) Writing remote content tree...
 (2016/8/27-13:46:16) Published all localised property sets successfully!

ConnectionHelper
----------
 (2016/8/27-13:46:16) Published content "3248f4fdf34adb875ab92c0d9a36f5ffc4138fe5" successfully!
