
ApiController
----------
 (2016/7/22-6:8:57) Found no user with token "02f2d543b87e3eac11badd0d03cec2362955f7cb"
 (2016/7/22-6:8:57) Found no user with token "02f2d543b87e3eac11badd0d03cec2362955f7cb"
 (2016/7/22-6:8:57) Found no user with token "02f2d543b87e3eac11badd0d03cec2362955f7cb"
 (2016/7/22-6:8:57) Found no user with token "02f2d543b87e3eac11badd0d03cec2362955f7cb"
 (2016/7/22-6:8:57) Found no user with token "02f2d543b87e3eac11badd0d03cec2362955f7cb"
 (2016/7/22-6:8:57) Found no user with token "02f2d543b87e3eac11badd0d03cec2362955f7cb"
 (2016/7/22-6:8:57) Found no user with token "02f2d543b87e3eac11badd0d03cec2362955f7cb"
 (2016/7/22-6:8:57) Found no user with token "02f2d543b87e3eac11badd0d03cec2362955f7cb"
 (2016/7/22-6:8:57) Found no user with token "02f2d543b87e3eac11badd0d03cec2362955f7cb"
 (2016/7/22-6:8:57) Found no user with token "02f2d543b87e3eac11badd0d03cec2362955f7cb"
 (2016/7/22-6:8:57) Found no user with token "02f2d543b87e3eac11badd0d03cec2362955f7cb"
 (2016/7/22-6:8:57) Found no user with token "02f2d543b87e3eac11badd0d03cec2362955f7cb"
 (2016/7/22-6:8:57) Found no user with token "02f2d543b87e3eac11badd0d03cec2362955f7cb"
 (2016/7/22-6:8:57) Found no user with token "02f2d543b87e3eac11badd0d03cec2362955f7cb"

UserHelper
----------
 (2016/7/22-6:9:2) Attempting login for user "hest"...
 (2016/7/22-6:9:2) Updated "hest" successfully with properties: {"id":"9686f9f23e317b6925624dd319b1737a16d45fc0","username":"hest","password":{"hash":"bcb6e8a5a3ad07ad06123391fcfd664fc44dacbbdeac4ed29a4f8aad9a8e283334b97844f8f332b2a09fff3b18c37e8b44c187e49279885d49297fd5a71078f4","salt":"5dd437b6538e9e2c8069b21bf229b86aab18a7db325edaecc1ecd46d4b9cd42db6a5bc15ec543a12532bc7c445502af87113f1f3e7ec166cfa4f93b2d9017a6b5aa6a78ea70a9fb74ab76629c425135386cb42358c7f07897c37221e05dd380e9c0630ec20bc0aba9e4a6e0f60159bace230fa74afc65d17620a878c67cd1f7a"},"tokens":[{"key":"e22b38782dd18eb7ff5004e133805df9ccc6c95a","expires":1469189342130}],"scopes":{"putaitu_com":["connections","schemas","users","settings"]}}

ApiController
----------
 (2016/7/22-18:32:30) Found no user with token "e22b38782dd18eb7ff5004e133805df9ccc6c95a"
 (2016/7/22-18:32:30) Found no user with token "e22b38782dd18eb7ff5004e133805df9ccc6c95a"
 (2016/7/22-18:32:30) Found no user with token "e22b38782dd18eb7ff5004e133805df9ccc6c95a"
 (2016/7/22-18:32:30) Found no user with token "e22b38782dd18eb7ff5004e133805df9ccc6c95a"
 (2016/7/22-18:32:30) Found no user with token "e22b38782dd18eb7ff5004e133805df9ccc6c95a"
 (2016/7/22-18:32:30) Found no user with token "e22b38782dd18eb7ff5004e133805df9ccc6c95a"
 (2016/7/22-18:32:30) Found no user with token "e22b38782dd18eb7ff5004e133805df9ccc6c95a"
 (2016/7/22-18:32:42) Found no user with token "e22b38782dd18eb7ff5004e133805df9ccc6c95a"
 (2016/7/22-18:32:42) Found no user with token "e22b38782dd18eb7ff5004e133805df9ccc6c95a"
 (2016/7/22-18:32:42) Found no user with token "e22b38782dd18eb7ff5004e133805df9ccc6c95a"
 (2016/7/22-18:32:42) Found no user with token "e22b38782dd18eb7ff5004e133805df9ccc6c95a"
 (2016/7/22-18:32:42) Found no user with token "e22b38782dd18eb7ff5004e133805df9ccc6c95a"
 (2016/7/22-18:32:42) Found no user with token "e22b38782dd18eb7ff5004e133805df9ccc6c95a"
 (2016/7/22-18:32:42) Found no user with token "e22b38782dd18eb7ff5004e133805df9ccc6c95a"
